{
  "RSpec": {
    "coverage": {
      "/Users/Hint/projects/Magnetic_Twitter/config/environments/test.rb": [
        1,
        null,
        null,
        null,
        null,
        null,
        null,
        1,
        null,
        null,
        1,
        1,
        null,
        null,
        1,
        null,
        null,
        1,
        1,
        null,
        null,
        1,
        null,
        null,
        1,
        null,
        null,
        null,
        null,
        1,
        null,
        null,
        1,
        null,
        null,
        1,
        null
      ],
      "/Users/Hint/projects/Magnetic_Twitter/config/initializers/backtrace_silencers.rb": [
        null,
        null,
        null,
        null,
        null,
        null,
        null
      ],
      "/Users/Hint/projects/Magnetic_Twitter/config/initializers/inflections.rb": [
        null,
        null,
        null,
        null,
        null,
        null,
        null,
        null,
        null,
        null,
        null,
        null,
        null,
        null,
        null
      ],
      "/Users/Hint/projects/Magnetic_Twitter/config/initializers/mime_types.rb": [
        null,
        null,
        null,
        null,
        null
      ],
      "/Users/Hint/projects/Magnetic_Twitter/config/initializers/omniauth.rb": [
        1,
        null,
        1,
        1,
        null
      ],
      "/Users/Hint/projects/Magnetic_Twitter/config/initializers/secret_token.rb": [
        null,
        null,
        null,
        null,
        null,
        null,
        1
      ],
      "/Users/Hint/projects/Magnetic_Twitter/config/initializers/session_store.rb": [
        null,
        null,
        1,
        null,
        null,
        null,
        null,
        null
      ],
      "/Users/Hint/projects/Magnetic_Twitter/config/initializers/wrap_parameters.rb": [
        null,
        null,
        null,
        null,
        null,
        null,
        1,
        1,
        null,
        null,
        null,
        1,
        1,
        null
      ],
      "/Users/Hint/projects/Magnetic_Twitter/app/controllers/application_controller.rb": [
        1,
        1,
        null,
        1,
        1,
        3,
        null,
        1,
        null,
        null
      ],
      "/Users/Hint/projects/Magnetic_Twitter/app/helpers/application_helper.rb": [
        1,
        null
      ],
      "/Users/Hint/projects/Magnetic_Twitter/app/controllers/sessions_controller.rb": [
        1,
        1,
        0,
        0,
        0,
        null,
        null,
        1,
        0,
        0,
        null,
        null,
        null
      ],
      "/Users/Hint/projects/Magnetic_Twitter/app/controllers/tweets_controller.rb": [
        1,
        1,
        1,
        null,
        1,
        null,
        null,
        null,
        1,
        null,
        null,
        null,
        1,
        0,
        0,
        null,
        0,
        null,
        null,
        1,
        0,
        null,
        0,
        null,
        null,
        null
      ],
      "/Users/Hint/projects/Magnetic_Twitter/app/models/tweet.rb": [
        1,
        null,
        1,
        1,
        1,
        1,
        1,
        1,
        null,
        null,
        null,
        1,
        7,
        7,
        21,
        21,
        21,
        21,
        21,
        21,
        null,
        7,
        null,
        null,
        1,
        0,
        0,
        null,
        null,
        1,
        0,
        0,
        null,
        null
      ],
      "/Users/Hint/projects/Magnetic_Twitter/app/controllers/welcome_controller.rb": [
        1,
        1,
        1,
        null,
        null,
        null
      ],
      "/Users/Hint/projects/Magnetic_Twitter/app/models/user.rb": [
        1,
        1,
        null,
        1,
        0,
        null,
        null,
        1,
        0,
        0,
        0,
        0,
        0,
        0,
        0,
        0,
        null,
        null,
        null
      ],
      "/Users/Hint/projects/Magnetic_Twitter/spec/factories.rb": [
        null,
        null,
        null,
        null,
        null,
        null
      ],
      "/Users/Hint/projects/Magnetic_Twitter/config/routes.rb": [
        1,
        null,
        null,
        1,
        1,
        1,
        null,
        null,
        1,
        null,
        1,
        null,
        1,
        1,
        1,
        1,
        null,
        null,
        null,
        null,
        null,
        null,
        null,
        null,
        null,
        null,
        null,
        null,
        null,
        null,
        null,
        null,
        null,
        null,
        null,
        null,
        null,
        null,
        null,
        null,
        null,
        null,
        null,
        null,
        null,
        null,
        null,
        null,
        null,
        null,
        null,
        null,
        null,
        null,
        null,
        null,
        null,
        null,
        null,
        null,
        null,
        null,
        null,
        null,
        null,
        null,
        null,
        null,
        null,
        null,
        null,
        null,
        null,
        null,
        null,
        null
      ],
      "/Users/Hint/projects/Magnetic_Twitter/spec/support/database_cleaner.rb": [
        1,
        null,
        1,
        1,
        null,
        null,
        1,
        16,
        null,
        null,
        null,
        1,
        0,
        null,
        null,
        1,
        16,
        null,
        null,
        1,
        16,
        null,
        null
      ],
      "/Users/Hint/projects/Magnetic_Twitter/spec/models/user_spec.rb": [
        1,
        null,
        1,
        null,
        2,
        2,
        null
      ],
      "/Users/Hint/projects/Magnetic_Twitter/spec/requests/layouts_spec.rb": [
        1,
        null,
        1,
        1,
        1,
        1,
        1,
        null,
        null,
        null,
        1,
        1,
        1,
        1,
        null,
        null,
        null
      ]
    },
    "timestamp": 1401008268
  }
}
